<?xml version="1.0" encoding="UTF-8" ?>
<testsuite tests="16" failures="0" name="orzechp.coding.exercises.FizzBuzzTest" time="0.014" errors="0" skipped="0">
  <properties>
[...]
</properties>
  <testcase classname="orzechp.coding.exercises.FizzBuzzTest" name="testIfReportIsCorrect" time="0.013"/>
  <testcase classname="orzechp.coding.exercises.FizzBuzzTest" name="testIsNumberTrue" time="0"/>
  <testcase classname="orzechp.coding.exercises.FizzBuzzTest" name="testIfFizzBuzzAreMultiplesOf15" time="0"/>
  <testcase classname="orzechp.coding.exercises.FizzBuzzTest" name="testIfTheProgramCoverRangeFromOneToTwenty" time="0"/>
  <testcase classname="orzechp.coding.exercises.FizzBuzzTest" name="testIfNumberContainsThreeThanRetunLucky" time="0"/>
  <testcase classname="orzechp.coding.exercises.FizzBuzzTest" name="testHowManyTimesIntegerOccured" time="0.001"/>
  <testcase classname="orzechp.coding.exercises.FizzBuzzTest" name="testIfOutputIsCorrect" time="0"/>
  <testcase classname="orzechp.coding.exercises.FizzBuzzTest" name="testIfFizzBuzzObjectCreated" time="0"/>
  <testcase classname="orzechp.coding.exercises.FizzBuzzTest" name="testHowManyTimesFizzOccured" time="0"/>
  <testcase classname="orzechp.coding.exercises.FizzBuzzTest" name="testHowManyTimesLuckyOccured" time="0"/>
  <testcase classname="orzechp.coding.exercises.FizzBuzzTest" name="testIfFizzForNumbersAreMultiplesOfThree" time="0"/>
  <testcase classname="orzechp.coding.exercises.FizzBuzzTest" name="testIsNumberFalse" time="0"/>
  <testcase classname="orzechp.coding.exercises.FizzBuzzTest" name="testWhenTheNumbersAreNotMultiplesOfThreeFiveAndFifteen" time="0"/>
  <testcase classname="orzechp.coding.exercises.FizzBuzzTest" name="testHowManyTimesBuzzOccured" time="0"/>
  <testcase classname="orzechp.coding.exercises.FizzBuzzTest" name="testHowManyTimesFizzBuzzOccured" time="0"/>
  <testcase classname="orzechp.coding.exercises.FizzBuzzTest" name="testIfBuzzForNumbersAreMultiplesOfFive" time="0"/>
</testsuite>